c:\users\salnikov\documents\vs2017\chart\armchart\armmoving.bsc
c:\users\salnikov\documents\vs2017\chart\armchart\depdlg.sbr
c:\users\salnikov\documents\vs2017\chart\armchart\stdafx.sbr
c:\users\salnikov\documents\vs2017\chart\armchart\stdafx.obj
c:\users\salnikov\documents\vs2017\chart\armchart\logondlg.sbr
c:\users\salnikov\documents\vs2017\chart\armchart\logondlg.obj
c:\users\salnikov\documents\vs2017\chart\armchart\armchart.sbr
c:\users\salnikov\documents\vs2017\chart\armchart\global.sbr
c:\users\salnikov\documents\vs2017\chart\armchart\global.obj
c:\users\salnikov\documents\vs2017\chart\armchart\
c:\users\salnikov\documents\vs2017\chart\armchart\depdlg.obj
c:\users\salnikov\documents\vs2017\chart\armchart\armchart.obj
c:\users\salnikov\documents\vs2017\chart\armchart\vc141.pdb
c:\ariadna\app\armchart.exe
c:\users\salnikov\documents\vs2017\chart\armchart\armmoving.pdb
c:\users\salnikov\documents\vs2017\chart\armchart\armchart.res
c:\users\salnikov\documents\vs2017\chart\armchart\armchart.tlog\bscmake.command.1.tlog
c:\users\salnikov\documents\vs2017\chart\armchart\armchart.tlog\bscmake.read.1.tlog
c:\users\salnikov\documents\vs2017\chart\armchart\armchart.tlog\bscmake.write.1.tlog
c:\users\salnikov\documents\vs2017\chart\armchart\armchart.tlog\cl.command.1.tlog
c:\users\salnikov\documents\vs2017\chart\armchart\armchart.tlog\cl.read.1.tlog
c:\users\salnikov\documents\vs2017\chart\armchart\armchart.tlog\cl.write.1.tlog
c:\users\salnikov\documents\vs2017\chart\armchart\armchart.tlog\link.command.1.tlog
c:\users\salnikov\documents\vs2017\chart\armchart\armchart.tlog\link.read.1.tlog
c:\users\salnikov\documents\vs2017\chart\armchart\armchart.tlog\link.write.1.tlog
c:\users\salnikov\documents\vs2017\chart\armchart\armchart.tlog\rc.command.1.tlog
c:\users\salnikov\documents\vs2017\chart\armchart\armchart.tlog\rc.read.1.tlog
c:\users\salnikov\documents\vs2017\chart\armchart\armchart.tlog\rc.write.1.tlog
